<?xml version="1.0" encoding="UTF-8"?>
<testng-results skipped="0" failed="0" ignored="0" total="1" passed="1">
  <reporter-output>
  </reporter-output>
  <suite name="Default suite" duration-ms="11804" started-at="2021-03-07T10:33:37 EST" finished-at="2021-03-07T10:33:49 EST">
    <groups>
    </groups>
    <test name="Default test" duration-ms="11804" started-at="2021-03-07T10:33:37 EST" finished-at="2021-03-07T10:33:49 EST">
      <class name="com.ParallelCrossBrwser.Chrome86">
        <test-method status="PASS" signature="m4Test()[pri:0, instance:com.ParallelCrossBrwser.Chrome86@3224f60b]" name="m4Test" duration-ms="11732" started-at="2021-03-07T10:33:37 EST" finished-at="2021-03-07T10:33:49 EST">
          <reporter-output>
          </reporter-output>
        </test-method> <!-- m4Test -->
      </class> <!-- com.ParallelCrossBrwser.Chrome86 -->
    </test> <!-- Default test -->
  </suite> <!-- Default suite -->
</testng-results>
