<?xml version="1.0" encoding="UTF-8"?>
<!-- Generated by org.testng.reporters.JUnitXMLReporter -->
<testsuite hostname="DESKTOP-INQUNRP" ignored="0" name="CTest" tests="4" failures="0" timestamp="2020-11-28T19:39:58 EST" time="57.049" errors="0">
  <testcase name="workDayTest" time="25.534" classname="com.ParallelCrossBrwser.SingleTest"/>
  <testcase name="workDayTest" time="35.606" classname="com.ParallelCrossBrwser.SingleTest"/>
  <testcase name="test" time="5.558" classname="com.ParallelCrossBrwser.SingleTest"/>
  <testcase name="test" time="10.772" classname="com.ParallelCrossBrwser.SingleTest"/>
</testsuite> <!-- CTest -->
