<?xml version="1.0" encoding="UTF-8"?>
<!-- Generated by org.testng.reporters.JUnitXMLReporter -->
<testsuite hostname="DESKTOP-INQUNRP" ignored="0" name="Edge" tests="3" failures="0" timestamp="2020-11-28T18:23:41 EST" time="0.03" errors="0">
  <testcase name="@BeforeTest setupBrowser" time="-1.606605821732E9" classname="com.Parallel.crossBrwserSingleTest.SingleTest">
    <failure type="org.testng.TestNGException" message="
Can inject only one of &amp;lt;ITestContext, XmlTest&amp;gt; into a @BeforeTest annotated setupBrowser.
For more information on native dependency injection please refer to http://testng.org/doc/documentation-main.html#native-dependency-injection">
      <![CDATA[org.testng.TestNGException: 
Can inject only one of <ITestContext, XmlTest> into a @BeforeTest annotated setupBrowser.
For more information on native dependency injection please refer to http://testng.org/doc/documentation-main.html#native-dependency-injection
at java.util.concurrent.FutureTask.run(Unknown Source)
at java.util.concurrent.ThreadPoolExecutor.runWorker(Unknown Source)
at java.util.concurrent.ThreadPoolExecutor$Worker.run(Unknown Source)
at java.lang.Thread.run(Unknown Source)
... Removed 12 stack frames]]>
    </failure>
  </testcase> <!-- @BeforeTest setupBrowser -->
  <testcase name="workDayTest" time="0.0" classname="com.Parallel.crossBrwserSingleTest.SingleTest">
    <skipped/>
  </testcase> <!-- workDayTest -->
  <testcase name="workDayTest" time="0.0" classname="com.Parallel.crossBrwserSingleTest.SingleTest">
    <skipped/>
  </testcase> <!-- workDayTest -->
  <testcase name="workDayTest" time="0.0" classname="com.Parallel.crossBrwserSingleTest.SingleTest">
    <skipped/>
  </testcase> <!-- workDayTest -->
</testsuite> <!-- Edge -->
