<?xml version="1.0" encoding="UTF-8"?>
<!-- Generated by org.testng.reporters.JUnitXMLReporter -->
<testsuite hostname="DESKTOP-INQUNRP" ignored="0" name="FairfoxTest" tests="2" failures="0" timestamp="2020-11-28T18:22:33 EST" time="0.108" errors="0">
  <testcase name="workDayTest" time="0.0" classname="com.Parallel.crossBrwserSingleTest.SingleTest">
    <skipped/>
  </testcase> <!-- workDayTest -->
  <testcase name="workDayTest" time="0.0" classname="com.Parallel.crossBrwserSingleTest.SingleTest">
    <skipped/>
  </testcase> <!-- workDayTest -->
</testsuite> <!-- FairfoxTest -->
