<?xml version="1.0" encoding="UTF-8"?>
<!-- Generated by org.testng.reporters.JUnitXMLReporter -->
<testsuite hostname="DESKTOP-INQUNRP" ignored="0" name="Crome browser Test" tests="3" failures="0" timestamp="2020-12-01T09:38:34 EST" time="147.214" errors="0">
  <testcase name="workDayTest" time="49.88" classname="com.ParallelCrossBrwser.SingleTest"/>
  <testcase name="test" time="23.765" classname="com.ParallelCrossBrwser.SingleTest"/>
  <testcase name="workDayTest" time="40.855" classname="com.ParallelCrossBrwser.SingleTest"/>
</testsuite> <!-- Crome browser Test -->
