<?xml version="1.0" encoding="UTF-8"?>
<!-- Generated by org.testng.reporters.JUnitXMLReporter -->
<testsuite hostname="DESKTOP-INQUNRP" ignored="0" name="Edge Test" tests="3" failures="0" timestamp="2020-12-01T09:40:18 EST" time="104.447" errors="0">
  <testcase name="test" time="13.304" classname="com.ParallelCrossBrwser.SingleTest"/>
  <testcase name="workDayTest" time="44.101" classname="com.ParallelCrossBrwser.SingleTest"/>
  <testcase name="test" time="13.681" classname="com.ParallelCrossBrwser.SingleTest"/>
</testsuite> <!-- Edge Test -->
