<?xml version="1.0" encoding="UTF-8"?>
<!-- Generated by org.testng.reporters.JUnitXMLReporter -->
<testsuite hostname="DESKTOP-INQUNRP" ignored="0" name="Crome browser Test" tests="4" failures="0" timestamp="2020-11-28T19:49:41 EST" time="65.186" errors="0">
  <testcase name="workDayTest" time="15.552" classname="com.ParallelCrossBrwser.SingleTest"/>
  <testcase name="test" time="6.186" classname="com.ParallelCrossBrwser.SingleTest"/>
  <testcase name="workDayTest" time="28.044" classname="com.ParallelCrossBrwser.SingleTest"/>
  <testcase name="test" time="25.218" classname="com.ParallelCrossBrwser.SingleTest"/>
</testsuite> <!-- Crome browser Test -->
