<?xml version="1.0" encoding="UTF-8"?>
<testsuite xmlns:xsi="http://www.w3.org/2001/XMLSchema-instance" xsi:noNamespaceSchemaLocation="https://maven.apache.org/surefire/maven-surefire-plugin/xsd/surefire-test-report-3.0.xsd" version="3.0" name="TestSuite" time="265.831" tests="6" errors="0" skipped="0" failures="0">
  <properties>
[...]
</properties>
  <testcase name="workDayTest" classname="com.ParallelCrossBrwser.SingleTest" time="10.501">
    <system-out><![CDATA[https://www.workday.com/
]]></system-out>
    <system-err><![CDATA[SLF4J: Failed to load class "org.slf4j.impl.StaticLoggerBinder".
SLF4J: Defaulting to no-operation (NOP) logger implementation
SLF4J: See http://www.slf4j.org/codes.html#StaticLoggerBinder for further details.
Starting ChromeDriver 87.0.4280.20 (c99e81631faa0b2a448e658c0dbd8311fb04ddbd-refs/branch-heads/4280@{#355}) on port 35570
Only local connections are allowed.
Please see https://chromedriver.chromium.org/security-considerations for suggestions on keeping ChromeDriver safe.
1606833407767	geckodriver	INFO	Listening on 127.0.0.1:14930
ChromeDriver was started successfully.
1606833418422	mozrunner::runner	INFO	Running command: "C:\\Program Files\\Mozilla Firefox\\firefox.exe" "--marionette" "-foreground" "-no-remote" "-profile" "C:\\Users\\Faruq\\AppData\\Local\\Temp\\rust_mozprofilePeYXRZ"
Dec 01, 2020 9:37:11 AM org.openqa.selenium.remote.ProtocolHandshake createSession
INFO: Detected dialect: W3C
JavaScript error: resource://gre/modules/XULStore.jsm, line 66: Error: Can't find profile directory.
console.warn: SearchSettings: "get: No settings file exists, new profile?" (new Error("", "(unknown module)"))
1606833468783	Marionette	INFO	Listening on port 11731
[Parent 23024, Gecko_IOThread] WARNING: file /builds/worker/checkouts/gecko/ipc/chromium/src/base/process_util_win.cc:166
1606833470553	Marionette	WARN	TLS certificate errors will be ignored for this session
Dec 01, 2020 9:37:52 AM org.openqa.selenium.remote.ProtocolHandshake createSession
INFO: Detected dialect: W3C
Can't find symbol 'eglSwapBuffersWithDamageEXT'.
Can't find symbol 'eglSetDamageRegionKHR'.
]]></system-err>
  </testcase>
  <testcase name="workDayTest" classname="com.ParallelCrossBrwser.SingleTest" time="30.336">
    <system-out><![CDATA[https://www.workday.com/
]]></system-out>
    <system-err><![CDATA[JavaScript warning: https://cdnssl.clicktale.net/ptc/7aa96ef5-fc05-46ca-96bc-8652493c7458.js, line 818: unreachable code after return statement
]]></system-err>
  </testcase>
  <testcase name="workDayTest" classname="com.ParallelCrossBrwser.SingleTest" time="44.035">
    <system-out><![CDATA[https://www.workday.com/
]]></system-out>
    <system-err><![CDATA[1606833527040	Marionette	INFO	Stopped listening on port 11731

###!!! [Child][RunMessage] Error: Channel closing: too late to send/recv, messages will be lost


###!!! [Child][MessageChannel::SendAndWait] Error: Channel error: cannot send/recv

Starting MSEdgeDriver 87.0.664.52 (0e068395bb366431f82971064ad64a93b7aedb55) on port 38977
Only local connections are allowed.
Please see https://chromedriver.chromium.org/security-considerations for suggestions on keeping MSEdgeDriver safe.
MSEdgeDriver was started successfully.
Dec 01, 2020 9:39:18 AM org.openqa.selenium.remote.ProtocolHandshake createSession
INFO: Detected dialect: W3C
]]></system-err>
  </testcase>
  <testcase name="test" classname="com.ParallelCrossBrwser.SingleTest" time="23.763">
    <system-out><![CDATA[Salesforce: We Bring Companies and Customers Together
]]></system-out>
    <system-err><![CDATA[JavaScript warning: https://cdnssl.clicktale.net/ptc/7aa96ef5-fc05-46ca-96bc-8652493c7458.js, line 818: unreachable code after return statement
]]></system-err>
  </testcase>
  <testcase name="test" classname="com.ParallelCrossBrwser.SingleTest" time="13.305">
    <system-out><![CDATA[Salesforce: We Bring Companies and Customers Together
]]></system-out>
  </testcase>
  <testcase name="test" classname="com.ParallelCrossBrwser.SingleTest" time="13.68">
    <system-out><![CDATA[Salesforce: We Bring Companies and Customers Together
]]></system-out>
  </testcase>
</testsuite>