<?xml version="1.0" encoding="UTF-8"?>
<!-- Generated by org.testng.reporters.JUnitXMLReporter -->
<testsuite hostname="DESKTOP-INQUNRP" ignored="0" name="FirefoxTest" tests="2" failures="0" timestamp="2020-11-28T18:44:23 EST" time="0.096" errors="0">
  <testcase name="workDayTest" time="0.0" classname="com.ParallelCrossBrwser.SingleTest">
    <skipped/>
  </testcase> <!-- workDayTest -->
  <testcase name="workDayTest" time="0.0" classname="com.ParallelCrossBrwser.SingleTest">
    <skipped/>
  </testcase> <!-- workDayTest -->
</testsuite> <!-- FirefoxTest -->
